#
# A fatal error has been detected by the Java Runtime Environment:
#
#  EXCEPTION_ACCESS_VIOLATION (0xc0000005) at pc=0x0000000058a872f5, pid=5640, tid=4000
#
# JRE version: Java(TM) SE Runtime Environment (8.0_05-b13) (build 1.8.0_05-b13)
# Java VM: Java HotSpot(TM) 64-Bit Server VM (25.5-b02 mixed mode windows-amd64 compressed oops)
# Problematic frame:
# V  [jvm.dll+0x1172f5]
#
# Failed to write core dump. Minidumps are not enabled by default on client versions of Windows
#
# If you would like to submit a bug report, please visit:
#   http://bugreport.sun.com/bugreport/crash.jsp
#

---------------  T H R E A D  ---------------

Current thread (0x00000000593d7000):  JavaThread "JDWP Transport Listener: dt_socket" daemon [_thread_in_vm, id=4000, stack(0x00000000591d0000,0x00000000592d0000)]

siginfo: ExceptionCode=0xc0000005, reading address 0xffffffffffffffff

Registers:
RAX=0x00000000592cf501, RBX=0x00000000593d7000, RCX=0x6e6f6974636e7546, RDX=0x0000000000000000
RSP=0x00000000592cf570, RBP=0x6e6f6974636e7546, RSI=0x00000000592cf688, RDI=0x0000000002139340
R8 =0x00000000593d7000, R9 =0x736e69c100420001, R10=0x0000000000000000, R11=0x000000005973658d
R12=0x0000000000000000, R13=0x00000000593dcd18, R14=0x0000000000000000, R15=0x0000000000000000
RIP=0x0000000058a872f5, EFLAGS=0x0000000000010202

Top of Stack: (sp=0x00000000592cf570)
0x00000000592cf570:   00000000593d7000 00000000593d7000
0x00000000592cf580:   00000000592cf638 0000000058c7a04b
0x00000000592cf590:   00000000593d7000 0000000058c968ad
0x00000000592cf5a0:   0000000000000000 00000000604a9149
0x00000000592cf5b0:   0000000059442d40 00000000604b2912
0x00000000592cf5c0:   00000000593d7000 0000000000000000
0x00000000592cf5d0:   0000000000000000 0000000000000000
0x00000000592cf5e0:   6e6f6974636e7546 00000000604b1a09
0x00000000592cf5f0:   00000000592cf688 00000000592cf660
0x00000000592cf600:   0000000000000001 0000000059442d40
0x00000000592cf610:   6e6f6974636e7546 00000000604953b3
0x00000000592cf620:   00000000592cf750 0000000000000001
0x00000000592cf630:   0000000000000001 0000000059442d40
0x00000000592cf640:   00000000f000100a 0000000000000000
0x00000000592cf650:   0000000000000000 0000000000000000
0x00000000592cf660:   0000000000000001 0000000060495571 

Instructions: (pc=0x0000000058a872f5)
0x0000000058a872d5:   cc cc cc cc cc cc cc cc cc cc cc 48 83 ec 28 48
0x0000000058a872e5:   85 c9 75 07 33 c0 48 83 c4 28 c3 48 89 5c 24 20
0x0000000058a872f5:   48 8b 19 48 85 db 74 20 48 83 fb 37 74 1a 48 8b
0x0000000058a87305:   13 48 8b cb ff 52 08 84 c0 74 0d 48 8b c3 48 8b 


Register to memory mapping:

RAX=0x00000000592cf501 is pointing into the stack for thread: 0x00000000593d7000
RBX=0x00000000593d7000 is a thread
RCX=0x6e6f6974636e7546 is an unknown value
RDX=0x0000000000000000 is an unknown value
RSP=0x00000000592cf570 is pointing into the stack for thread: 0x00000000593d7000
RBP=0x6e6f6974636e7546 is an unknown value
RSI=0x00000000592cf688 is pointing into the stack for thread: 0x00000000593d7000
RDI=0x0000000002139340 is an unknown value
R8 =0x00000000593d7000 is a thread
R9 =0x736e69c100420001 is an unknown value
R10=0x0000000000000000 is an unknown value
R11=0x000000005973658d is an unknown value
R12=0x0000000000000000 is an unknown value
R13=0x00000000593dcd18 is an unknown value
R14=0x0000000000000000 is an unknown value
R15=0x0000000000000000 is an unknown value


Stack: [0x00000000591d0000,0x00000000592d0000],  sp=0x00000000592cf570,  free space=1021k
Native frames: (J=compiled Java code, j=interpreted, Vv=VM code, C=native code)
V  [jvm.dll+0x1172f5]
V  [jvm.dll+0x3268ad]
C  [jdwp.dll+0x21a09]
C  [jdwp.dll+0x53b3]
C  [jdwp.dll+0x5571]
C  [jdwp.dll+0xf09c]
C  [jdwp.dll+0x1f2c9]
C  [jdwp.dll+0x1f49e]
V  [jvm.dll+0x1a7128]
V  [jvm.dll+0x2232c4]
V  [jvm.dll+0x27baca]
C  [msvcr100.dll+0x21d9f]
C  [msvcr100.dll+0x21e3b]
C  [kernel32.dll+0x159ed]
C  [ntdll.dll+0x2c541]


---------------  P R O C E S S  ---------------

Java Threads: ( => current thread )
  0x00000000594e8800 JavaThread "Service Thread" daemon [_thread_blocked, id=2748, stack(0x000000005a350000,0x000000005a450000)]
  0x0000000059447800 JavaThread "C1 CompilerThread2" daemon [_thread_blocked, id=7080, stack(0x000000005a110000,0x000000005a210000)]
  0x0000000059446800 JavaThread "C2 CompilerThread1" daemon [_thread_blocked, id=8588, stack(0x0000000059f80000,0x000000005a080000)]
  0x0000000059444000 JavaThread "C2 CompilerThread0" daemon [_thread_blocked, id=8924, stack(0x0000000059e70000,0x0000000059f70000)]
  0x00000000593e1000 JavaThread "JDWP Command Reader" daemon [_thread_in_native, id=8936, stack(0x0000000059a40000,0x0000000059b40000)]
  0x000000005772e800 JavaThread "JDWP Event Helper Thread" daemon [_thread_blocked, id=3236, stack(0x0000000059c80000,0x0000000059d80000)]
=>0x00000000593d7000 JavaThread "JDWP Transport Listener: dt_socket" daemon [_thread_in_vm, id=4000, stack(0x00000000591d0000,0x00000000592d0000)]
  0x0000000057727000 JavaThread "Attach Listener" daemon [_thread_blocked, id=2284, stack(0x0000000059940000,0x0000000059a40000)]
  0x0000000057724000 JavaThread "Signal Dispatcher" daemon [_thread_blocked, id=5296, stack(0x0000000059810000,0x0000000059910000)]
  0x00000000576c6800 JavaThread "Finalizer" daemon [_thread_blocked, id=9136, stack(0x00000000592d0000,0x00000000593d0000)]
  0x00000000576bb800 JavaThread "Reference Handler" daemon [_thread_blocked, id=800, stack(0x0000000058810000,0x0000000058910000)]
  0x000000000213f000 JavaThread "main" [_thread_blocked, id=6928, stack(0x00000000023b0000,0x00000000024b0000)]

Other Threads:
  0x00000000576b7800 VMThread [stack: 0x0000000058680000,0x0000000058780000] [id=7320]
  0x00000000594ec800 WatcherThread [stack: 0x000000005a4e0000,0x000000005a5e0000] [id=4376]

VM state:not at safepoint (normal execution)

VM Mutex/Monitor currently owned by a thread: None

Heap:
 PSYoungGen      total 1536K, used 1133K [0x00000000d5f00000, 0x00000000d6200000, 0x0000000100000000)
  eden space 1024K, 62% used [0x00000000d5f00000,0x00000000d5f9f7b8,0x00000000d6000000)
  from space 512K, 96% used [0x00000000d6000000,0x00000000d607c010,0x00000000d6080000)
  to   space 512K, 0% used [0x00000000d6180000,0x00000000d6180000,0x00000000d6200000)
 ParOldGen       total 129536K, used 148K [0x0000000081c00000, 0x0000000089a80000, 0x00000000d5f00000)
  object space 129536K, 0% used [0x0000000081c00000,0x0000000081c25010,0x0000000089a80000)
 Metaspace       used 3697K, capacity 4636K, committed 4864K, reserved 1056768K
  class space    used 408K, capacity 423K, committed 512K, reserved 1048576K

Card table byte_map: [0x0000000011c70000,0x0000000012070000] byte_map_base: 0x0000000011862000

Marking Bits: (ParMarkBitMap*) 0x00000000591213b0
 Begin Bits: [0x0000000012a10000, 0x00000000149a0000)
 End Bits:   [0x00000000149a0000, 0x0000000016930000)

Polling page: 0x0000000000140000

CodeCache: size=245760Kb used=1393Kb max_used=1393Kb free=244366Kb
 bounds [0x00000000028b0000, 0x0000000002b20000, 0x00000000118b0000]
 total_blobs=421 nmethods=168 adapters=175
 compilation: enabled

Compilation events (10 events):
Event: 1.463 Thread 0x0000000059447800  163       3       java.lang.invoke.MemberName::isResolved (13 bytes)
Event: 1.463 Thread 0x0000000059447800 nmethod 163 0x0000000002a07750 code [0x0000000002a078a0, 0x0000000002a07a50]
Event: 1.464 Thread 0x0000000059447800  165       3       jdk.internal.org.objectweb.asm.Type::getArgumentsAndReturnSizes (151 bytes)
Event: 1.465 Thread 0x0000000059447800 nmethod 165 0x0000000002a07c50 code [0x0000000002a07ea0, 0x0000000002a08c38]
Event: 1.465 Thread 0x0000000059447800  166       3       java.lang.invoke.InvokerBytecodeGenerator::isStaticallyNameable (99 bytes)
Event: 1.467 Thread 0x0000000059447800 nmethod 166 0x0000000002a09250 code [0x0000000002a09580, 0x0000000002a0af38]
Event: 1.467 Thread 0x0000000059447800  168   !   3       sun.instrument.TransformerManager::transform (98 bytes)
Event: 1.468 Thread 0x0000000059447800 nmethod 168 0x0000000002a0bd10 code [0x0000000002a0bea0, 0x0000000002a0c348]
Event: 1.468 Thread 0x0000000059447800  167       3       sun.instrument.InstrumentationImpl::transform (38 bytes)
Event: 1.468 Thread 0x0000000059447800 nmethod 167 0x0000000002a0c650 code [0x0000000002a0c7c0, 0x0000000002a0ca48]

GC Heap History (6 events):
Event: 0.111 GC heap before
{Heap before GC invocations=1 (full 0):
 PSYoungGen      total 1024K, used 512K [0x00000000d5f00000, 0x00000000d6080000, 0x0000000100000000)
  eden space 512K, 100% used [0x00000000d5f00000,0x00000000d5f80000,0x00000000d5f80000)
  from space 512K, 0% used [0x00000000d6000000,0x00000000d6000000,0x00000000d6080000)
  to   space 512K, 0% used [0x00000000d5f80000,0x00000000d5f80000,0x00000000d6000000)
 ParOldGen       total 129536K, used 0K [0x0000000081c00000, 0x0000000089a80000, 0x00000000d5f00000)
  object space 129536K, 0% used [0x0000000081c00000,0x0000000081c00000,0x0000000089a80000)
 Metaspace       used 2185K, capacity 4480K, committed 4480K, reserved 1056768K
  class space    used 243K, capacity 384K, committed 384K, reserved 1048576K
Event: 0.113 GC heap after
Heap after GC invocations=1 (full 0):
 PSYoungGen      total 1024K, used 352K [0x00000000d5f00000, 0x00000000d6100000, 0x0000000100000000)
  eden space 512K, 0% used [0x00000000d5f00000,0x00000000d5f00000,0x00000000d5f80000)
  from space 512K, 68% used [0x00000000d5f80000,0x00000000d5fd8020,0x00000000d6000000)
  to   space 512K, 0% used [0x00000000d6080000,0x00000000d6080000,0x00000000d6100000)
 ParOldGen       total 129536K, used 0K [0x0000000081c00000, 0x0000000089a80000, 0x00000000d5f00000)
  object space 129536K, 0% used [0x0000000081c00000,0x0000000081c00000,0x0000000089a80000)
 Metaspace       used 2185K, capacity 4480K, committed 4480K, reserved 1056768K
  class space    used 243K, capacity 384K, committed 384K, reserved 1048576K
}
Event: 0.150 GC heap before
{Heap before GC invocations=2 (full 0):
 PSYoungGen      total 1024K, used 862K [0x00000000d5f00000, 0x00000000d6100000, 0x0000000100000000)
  eden space 512K, 99% used [0x00000000d5f00000,0x00000000d5f7f940,0x00000000d5f80000)
  from space 512K, 68% used [0x00000000d5f80000,0x00000000d5fd8020,0x00000000d6000000)
  to   space 512K, 0% used [0x00000000d6080000,0x00000000d6080000,0x00000000d6100000)
 ParOldGen       total 129536K, used 0K [0x0000000081c00000, 0x0000000089a80000, 0x00000000d5f00000)
  object space 129536K, 0% used [0x0000000081c00000,0x0000000081c00000,0x0000000089a80000)
 Metaspace       used 2537K, capacity 4480K, committed 4480K, reserved 1056768K
  class space    used 281K, capacity 384K, committed 384K, reserved 1048576K
Event: 0.152 GC heap after
Heap after GC invocations=2 (full 0):
 PSYoungGen      total 1536K, used 480K [0x00000000d5f00000, 0x00000000d6100000, 0x0000000100000000)
  eden space 1024K, 0% used [0x00000000d5f00000,0x00000000d5f00000,0x00000000d6000000)
  from space 512K, 93% used [0x00000000d6080000,0x00000000d60f8020,0x00000000d6100000)
  to   space 512K, 0% used [0x00000000d6000000,0x00000000d6000000,0x00000000d6080000)
 ParOldGen       total 129536K, used 28K [0x0000000081c00000, 0x0000000089a80000, 0x00000000d5f00000)
  object space 129536K, 0% used [0x0000000081c00000,0x0000000081c07010,0x0000000089a80000)
 Metaspace       used 2537K, capacity 4480K, committed 4480K, reserved 1056768K
  class space    used 281K, capacity 384K, committed 384K, reserved 1048576K
}
Event: 1.431 GC heap before
{Heap before GC invocations=3 (full 0):
 PSYoungGen      total 1536K, used 1504K [0x00000000d5f00000, 0x00000000d6100000, 0x0000000100000000)
  eden space 1024K, 100% used [0x00000000d5f00000,0x00000000d6000000,0x00000000d6000000)
  from space 512K, 93% used [0x00000000d6080000,0x00000000d60f8020,0x00000000d6100000)
  to   space 512K, 0% used [0x00000000d6000000,0x00000000d6000000,0x00000000d6080000)
 ParOldGen       total 129536K, used 28K [0x0000000081c00000, 0x0000000089a80000, 0x00000000d5f00000)
  object space 129536K, 0% used [0x0000000081c00000,0x0000000081c07010,0x0000000089a80000)
 Metaspace       used 3366K, capacity 4586K, committed 4864K, reserved 1056768K
  class space    used 363K, capacity 399K, committed 512K, reserved 1048576K
Event: 1.433 GC heap after
Heap after GC invocations=3 (full 0):
 PSYoungGen      total 1536K, used 496K [0x00000000d5f00000, 0x00000000d6200000, 0x0000000100000000)
  eden space 1024K, 0% used [0x00000000d5f00000,0x00000000d5f00000,0x00000000d6000000)
  from space 512K, 96% used [0x00000000d6000000,0x00000000d607c010,0x00000000d6080000)
  to   space 512K, 0% used [0x00000000d6180000,0x00000000d6180000,0x00000000d6200000)
 ParOldGen       total 129536K, used 148K [0x0000000081c00000, 0x0000000089a80000, 0x00000000d5f00000)
  object space 129536K, 0% used [0x0000000081c00000,0x0000000081c25010,0x0000000089a80000)
 Metaspace       used 3366K, capacity 4586K, committed 4864K, reserved 1056768K
  class space    used 363K, capacity 399K, committed 512K, reserved 1048576K
}

Deoptimization events (0 events):
No events

Internal exceptions (10 events):
Event: 0.109 Thread 0x000000000213f000 Exception <a 'java/security/PrivilegedActionException'> (0x00000000d5f763c0) thrown at [D:\re\workspace\8-2-build-windows-amd64-cygwin\jdk8u5\2488\hotspot\src\share\vm\prims\jvm.cpp, line 1248]
Event: 0.162 Thread 0x000000000213f000 Exception <a 'java/security/PrivilegedActionException'> (0x00000000d5f334e0) thrown at [D:\re\workspace\8-2-build-windows-amd64-cygwin\jdk8u5\2488\hotspot\src\share\vm\prims\jvm.cpp, line 1248]
Event: 0.165 Thread 0x000000000213f000 Exception <a 'java/security/PrivilegedActionException'> (0x00000000d5f39340) thrown at [D:\re\workspace\8-2-build-windows-amd64-cygwin\jdk8u5\2488\hotspot\src\share\vm\prims\jvm.cpp, line 1248]
Event: 0.179 Thread 0x000000000213f000 Exception <a 'java/security/PrivilegedActionException'> (0x00000000d5f594e0) thrown at [D:\re\workspace\8-2-build-windows-amd64-cygwin\jdk8u5\2488\hotspot\src\share\vm\prims\jvm.cpp, line 1248]
Event: 0.188 Thread 0x000000000213f000 Exception <a 'java/security/PrivilegedActionException'> (0x00000000d5f68040) thrown at [D:\re\workspace\8-2-build-windows-amd64-cygwin\jdk8u5\2488\hotspot\src\share\vm\prims\jvm.cpp, line 1248]
Event: 0.189 Thread 0x000000000213f000 Exception <a 'java/security/PrivilegedActionException'> (0x00000000d5f6f0b0) thrown at [D:\re\workspace\8-2-build-windows-amd64-cygwin\jdk8u5\2488\hotspot\src\share\vm\prims\jvm.cpp, line 1248]
Event: 1.413 Thread 0x000000000213f000 Exception <a 'java/lang/ClassNotFoundException': java/lang/Null> (0x00000000d5fc99b0) thrown at [D:\re\workspace\8-2-build-windows-amd64-cygwin\jdk8u5\2488\hotspot\src\share\vm\classfile\systemDictionary.cpp, line 202]
Event: 1.439 Thread 0x000000000213f000 Exception <a 'java/lang/NoSuchFieldError': method resolution failed> (0x00000000d5f26e00) thrown at [D:\re\workspace\8-2-build-windows-amd64-cygwin\jdk8u5\2488\hotspot\src\share\vm\prims\methodHandles.cpp, line 1159]
Event: 1.442 Thread 0x000000000213f000 Exception <a 'java/lang/NoSuchFieldError': method resolution failed> (0x00000000d5f36228) thrown at [D:\re\workspace\8-2-build-windows-amd64-cygwin\jdk8u5\2488\hotspot\src\share\vm\prims\methodHandles.cpp, line 1159]
Event: 1.443 Thread 0x000000000213f000 Exception <a 'java/lang/NoSuchFieldError': method resolution failed> (0x00000000d5f3bdd8) thrown at [D:\re\workspace\8-2-build-windows-amd64-cygwin\jdk8u5\2488\hotspot\src\share\vm\prims\methodHandles.cpp, line 1159]

Events (10 events):
Event: 252.357 Executing VM operation: ChangeBreakpoints
Event: 252.357 Executing VM operation: ChangeBreakpoints done
Event: 252.360 Executing VM operation: ChangeBreakpoints
Event: 252.360 Executing VM operation: ChangeBreakpoints done
Event: 472.570 Executing VM operation: ChangeBreakpoints
Event: 472.570 Executing VM operation: ChangeBreakpoints done
Event: 472.572 Executing VM operation: ChangeBreakpoints
Event: 472.572 Executing VM operation: ChangeBreakpoints done
Event: 472.578 Executing VM operation: RedefineClasses
Event: 472.580 Executing VM operation: RedefineClasses done


Dynamic libraries:
0x000000013f040000 - 0x000000013f074000 	C:\Program Files\Java\jdk1.8.0_05\bin\java.exe
0x00000000775e0000 - 0x0000000077789000 	C:\Windows\SYSTEM32\ntdll.dll
0x00000000773c0000 - 0x00000000774df000 	C:\Windows\system32\kernel32.dll
0x000007fefd540000 - 0x000007fefd5ac000 	C:\Windows\system32\KERNELBASE.dll
0x000007fefdd70000 - 0x000007fefde4b000 	C:\Windows\system32\ADVAPI32.dll
0x000007fefde50000 - 0x000007fefdeef000 	C:\Windows\system32\msvcrt.dll
0x000007fefdc40000 - 0x000007fefdc5f000 	C:\Windows\SYSTEM32\sechost.dll
0x000007fefd790000 - 0x000007fefd8bd000 	C:\Windows\system32\RPCRT4.dll
0x00000000774e0000 - 0x00000000775da000 	C:\Windows\system32\USER32.dll
0x000007fefe290000 - 0x000007fefe2f7000 	C:\Windows\system32\GDI32.dll
0x000007fefe140000 - 0x000007fefe14e000 	C:\Windows\system32\LPK.dll
0x000007fefdb70000 - 0x000007fefdc39000 	C:\Windows\system32\USP10.dll
0x000007fefbdc0000 - 0x000007fefbfb4000 	C:\Windows\WinSxS\amd64_microsoft.windows.common-controls_6595b64144ccf1df_6.0.7601.17514_none_fa396087175ac9ac\COMCTL32.dll
0x000007fefd8c0000 - 0x000007fefd931000 	C:\Windows\system32\SHLWAPI.dll
0x000007fefd760000 - 0x000007fefd78e000 	C:\Windows\system32\IMM32.DLL
0x000007fefdc60000 - 0x000007fefdd69000 	C:\Windows\system32\MSCTF.dll
0x0000000060310000 - 0x00000000603e2000 	C:\Program Files\Java\jdk1.8.0_05\jre\bin\msvcr100.dll
0x0000000058970000 - 0x000000005919a000 	C:\Program Files\Java\jdk1.8.0_05\jre\bin\server\jvm.dll
0x000007fef6190000 - 0x000007fef6199000 	C:\Windows\system32\WSOCK32.dll
0x000007feff8a0000 - 0x000007feff8ed000 	C:\Windows\system32\WS2_32.dll
0x000007fefe300000 - 0x000007fefe308000 	C:\Windows\system32\NSI.dll
0x000007fefb330000 - 0x000007fefb36b000 	C:\Windows\system32\WINMM.dll
0x00000000777b0000 - 0x00000000777b7000 	C:\Windows\system32\PSAPI.DLL
0x0000000067010000 - 0x000000006701f000 	C:\Program Files\Java\jdk1.8.0_05\jre\bin\verify.dll
0x0000000066fe0000 - 0x0000000067008000 	C:\Program Files\Java\jdk1.8.0_05\jre\bin\java.dll
0x0000000060490000 - 0x00000000604c5000 	C:\Program Files\Java\jdk1.8.0_05\jre\bin\jdwp.dll
0x0000000066fd0000 - 0x0000000066fd8000 	C:\Program Files\Java\jdk1.8.0_05\jre\bin\npt.dll
0x0000000060460000 - 0x0000000060483000 	C:\Program Files\Java\jdk1.8.0_05\jre\bin\instrument.dll
0x0000000060440000 - 0x0000000060456000 	C:\Program Files\Java\jdk1.8.0_05\jre\bin\zip.dll
0x000007fefe450000 - 0x000007feff1d8000 	C:\Windows\system32\SHELL32.dll
0x000007feff4b0000 - 0x000007feff6b3000 	C:\Windows\system32\ole32.dll
0x000007fefd3b0000 - 0x000007fefd3bf000 	C:\Windows\system32\profapi.dll
0x0000000060430000 - 0x0000000060439000 	C:\Program Files\Java\jdk1.8.0_05\jre\bin\dt_socket.dll
0x000007fefcb40000 - 0x000007fefcb95000 	C:\Windows\system32\mswsock.dll
0x000007fefc550000 - 0x000007fefc557000 	C:\Windows\System32\wshtcpip.dll
0x000007fef6db0000 - 0x000007fef6ed5000 	C:\Windows\system32\dbghelp.dll

VM Arguments:
jvm_args: -agentlib:jdwp=transport=dt_socket,address=127.0.0.1:64414,suspend=y,server=n -javaagent:C:\Users\GPrabhu\.IntelliJIdea13\system\groovyHotSwap\gragent.jar -Dfile.encoding=UTF-8 
java_command: algorithms.problems.AlgorithmDesignAndAnalysis.dijkstra.DijkstraGsp
java_class_path (initial): C:\Program Files\Java\jdk1.8.0_05\jre\lib\charsets.jar;C:\Program Files\Java\jdk1.8.0_05\jre\lib\deploy.jar;C:\Program Files\Java\jdk1.8.0_05\jre\lib\javaws.jar;C:\Program Files\Java\jdk1.8.0_05\jre\lib\jce.jar;C:\Program Files\Java\jdk1.8.0_05\jre\lib\jfr.jar;C:\Program Files\Java\jdk1.8.0_05\jre\lib\jfxswt.jar;C:\Program Files\Java\jdk1.8.0_05\jre\lib\jsse.jar;C:\Program Files\Java\jdk1.8.0_05\jre\lib\management-agent.jar;C:\Program Files\Java\jdk1.8.0_05\jre\lib\plugin.jar;C:\Program Files\Java\jdk1.8.0_05\jre\lib\resources.jar;C:\Program Files\Java\jdk1.8.0_05\jre\lib\rt.jar;C:\Program Files\Java\jdk1.8.0_05\jre\lib\ext\access-bridge-64.jar;C:\Program Files\Java\jdk1.8.0_05\jre\lib\ext\cldrdata.jar;C:\Program Files\Java\jdk1.8.0_05\jre\lib\ext\dnsns.jar;C:\Program Files\Java\jdk1.8.0_05\jre\lib\ext\jaccess.jar;C:\Program Files\Java\jdk1.8.0_05\jre\lib\ext\jfxrt.jar;C:\Program Files\Java\jdk1.8.0_05\jre\lib\ext\localedata.jar;C:\Program Files\Java\jdk1.8.0_05\jre\lib\ext\nashorn.jar;C:\Program Files\Java\jdk1.8.0_05\jre\lib\ext\sunec.jar;C:\Program Files\Java\jdk1.8.0_05\jre\lib\ext\sunjce_provider.jar;C:\Program Files\Java\jdk1.8.0_05\jre\lib\ext\sunmscapi.jar;C:\Program Files\Java\jdk1.8.0_05\jre\lib\ext\sunpkcs11.jar;C:\Program Files\Java\jdk1.8.0_05\jre\lib\ext\zipfs.jar;C:\Users\GPrabhu\Hack\out\production\Hack;C:\Program Files (x86)\JetBrains\IntelliJ IDEA 13.1.4\lib\idea_rt.jar;C:\Users\GPrabhu\.IntelliJIdea13\system\groovyHotSwap\gragent.jar
Launcher Type: SUN_STANDARD

Environment Variables:
JAVA_HOME=c:\Program Files\Java\jdk1.8.0_05
PATH=C:\ProgramData\Oracle\Java\javapath;C:\Program Files\Java\jdk1.8.0_05\bin;C:\Windows\system32;C:\Windows;C:\Windows\System32\Wbem;C:\Windows\System32\WindowsPowerShell\v1.0\;C:\Program Files\Intel\WiFi\bin\;C:\Program Files\Common Files\Intel\WirelessCommon\;C:\Program Files (x86)\Microsoft SQL Server\100\Tools\Binn\;C:\Program Files\Microsoft SQL Server\100\Tools\Binn\;C:\Program Files\Microsoft SQL Server\100\DTS\Binn\;C:\Program Files\Microsoft SQL Server\110\DTS\Binn\;C:\Program Files (x86)\Microsoft SQL Server\110\Tools\Binn\;C:\Program Files\Microsoft SQL Server\110\Tools\Binn\;C:\Program Files (x86)\Microsoft SQL Server\110\Tools\Binn\ManagementStudio\;C:\Program Files (x86)\Microsoft Visual Studio 10.0\Common7\IDE\PrivateAssemblies\;C:\Program Files (x86)\Microsoft SQL Server\110\DTS\Binn\;C:\Program Files (x86)\MySQL\MySQL Utilities 1.4.3\;C:\Program Files (x86)\MySQL\MySQL Utilities 1.4.3\Doctrine extensions for PHP\;C:\Program Files\Apache Software Foundation\apache-maven-3.2.1\bin;C:\Program Files\Microsoft\Web Platform Installer\;C:\Program Files (x86)\Windows Kits\8.1\Windows Performance Toolkit\;C:\Program Files (x86)\Git\cmd;C:\Program Files (x86)\Git\bin
USERNAME=GPrabhu
OS=Windows_NT
PROCESSOR_IDENTIFIER=Intel64 Family 6 Model 42 Stepping 7, GenuineIntel



---------------  S Y S T E M  ---------------

OS: Windows 7 , 64 bit Build 7601 Service Pack 1

CPU:total 4 (2 cores per cpu, 2 threads per core) family 6 model 42 stepping 7, cmov, cx8, fxsr, mmx, sse, sse2, sse3, ssse3, sse4.1, sse4.2, popcnt, avx, aes, clmul, ht, tsc, tscinvbit

Memory: 4k page, physical 8266768k(3673616k free), swap 16531672k(10338664k free)

vm_info: Java HotSpot(TM) 64-Bit Server VM (25.5-b02) for windows-amd64 JRE (1.8.0_05-b13), built on Mar 18 2014 01:08:39 by "java_re" with MS VC++ 10.0 (VS2010)

time: Sun Nov 23 01:52:36 2014
elapsed time: 472 seconds

